<?xml version="1.0" encoding="UTF-8"?>
<testsuite xmlns:xsi="http://www.w3.org/2001/XMLSchema-instance" xsi:noNamespaceSchemaLocation="https://maven.apache.org/surefire/maven-surefire-plugin/xsd/surefire-test-report.xsd" name="com.parkinglot.AppServices.ParkingLotTest" time="0.062" tests="6" errors="0" skipped="0" failures="0">
  <properties>
[...]
</properties>
  <testcase name="fillAvailableSlotWhenSlotIsAvailable" classname="com.parkinglot.AppServices.ParkingLotTest" time="0.032"/>
  <testcase name="fillAvailableSlotWhenNoSlotIsAvailable" classname="com.parkinglot.AppServices.ParkingLotTest" time="0"/>
  <testcase name="parkinglotAlreadyCreated" classname="com.parkinglot.AppServices.ParkingLotTest" time="0"/>
  <testcase name="emptySlotWithInvalidSlotNumber" classname="com.parkinglot.AppServices.ParkingLotTest" time="0"/>
  <testcase name="emptySlotWhichIsAlreadyEmpty" classname="com.parkinglot.AppServices.ParkingLotTest" time="0.015"/>
  <testcase name="emptySlotWithValidSlotNumber" classname="com.parkinglot.AppServices.ParkingLotTest" time="0"/>
</testsuite>